
D:\code\witweb\web\src\lib\admin.ts
    7:17   error  Unexpected any. Specify a different type  @typescript-eslint/no-explicit-any
   12:93   error  Unexpected any. Specify a different type  @typescript-eslint/no-explicit-any
   25:109  error  Unexpected any. Specify a different type  @typescript-eslint/no-explicit-any
   27:108  error  Unexpected any. Specify a different type  @typescript-eslint/no-explicit-any
   36:92   error  Unexpected any. Specify a different type  @typescript-eslint/no-explicit-any
   60:17   error  Unexpected any. Specify a different type  @typescript-eslint/no-explicit-any
   73:93   error  Unexpected any. Specify a different type  @typescript-eslint/no-explicit-any
  102:46   error  Unexpected any. Specify a different type  @typescript-eslint/no-explicit-any
  105:17   error  Unexpected any. Specify a different type  @typescript-eslint/no-explicit-any
  124:85   error  Unexpected any. Specify a different type  @typescript-eslint/no-explicit-any
  125:84   error  Unexpected any. Specify a different type  @typescript-eslint/no-explicit-any
  126:115  error  Unexpected any. Specify a different type  @typescript-eslint/no-explicit-any
  127:107  error  Unexpected any. Specify a different type  @typescript-eslint/no-explicit-any
  128:93   error  Unexpected any. Specify a different type  @typescript-eslint/no-explicit-any
  129:93   error  Unexpected any. Specify a different type  @typescript-eslint/no-explicit-any

D:\code\witweb\web\src\lib\api-config.ts
  15:28  error  Unexpected any. Specify a different type  @typescript-eslint/no-explicit-any

D:\code\witweb\web\src\lib\blog.ts
   11:138  error  Unexpected any. Specify a different type  @typescript-eslint/no-explicit-any
   21:17   error  Unexpected any. Specify a different type  @typescript-eslint/no-explicit-any
   27:100  error  Unexpected any. Specify a different type  @typescript-eslint/no-explicit-any
   41:100  error  Unexpected any. Specify a different type  @typescript-eslint/no-explicit-any
   66:70   error  Unexpected any. Specify a different type  @typescript-eslint/no-explicit-any
   95:19   error  Unexpected any. Specify a different type  @typescript-eslint/no-explicit-any
  124:82   error  Unexpected any. Specify a different type  @typescript-eslint/no-explicit-any
  134:86   error  Unexpected any. Specify a different type  @typescript-eslint/no-explicit-any
  147:79   error  Unexpected any. Specify a different type  @typescript-eslint/no-explicit-any
  163:22   error  Unexpected any. Specify a different type  @typescript-eslint/no-explicit-any
  177:79   error  Unexpected any. Specify a different type  @typescript-eslint/no-explicit-any
  186:79   error  Unexpected any. Specify a different type  @typescript-eslint/no-explicit-any
  208:79   error  Unexpected any. Specify a different type  @typescript-eslint/no-explicit-any
  224:108  error  Unexpected any. Specify a different type  @typescript-eslint/no-explicit-any
  244:37   error  Unexpected any. Specify a different type  @typescript-eslint/no-explicit-any
  258:129  error  Unexpected any. Specify a different type  @typescript-eslint/no-explicit-any
  270:89   error  Unexpected any. Specify a different type  @typescript-eslint/no-explicit-any
  272:86   error  Unexpected any. Specify a different type  @typescript-eslint/no-explicit-any
  284:31   error  Unexpected any. Specify a different type  @typescript-eslint/no-explicit-any

D:\code\witweb\web\src\lib\channel.ts
  11:136  error  Unexpected any. Specify a different type  @typescript-eslint/no-explicit-any
  18:118  error  Unexpected any. Specify a different type  @typescript-eslint/no-explicit-any
  40:42   error  Unexpected any. Specify a different type  @typescript-eslint/no-explicit-any
  54:47   error  Unexpected any. Specify a different type  @typescript-eslint/no-explicit-any
  66:111  error  Unexpected any. Specify a different type  @typescript-eslint/no-explicit-any
  68:114  error  Unexpected any. Specify a different type  @typescript-eslint/no-explicit-any

D:\code\witweb\web\src\lib\db-init.ts
   11:27  error  Unexpected any. Specify a different type  @typescript-eslint/no-explicit-any
   13:41  error  Unexpected any. Specify a different type  @typescript-eslint/no-explicit-any
  233:26  error  Unexpected any. Specify a different type  @typescript-eslint/no-explicit-any
  238:25  error  Unexpected any. Specify a different type  @typescript-eslint/no-explicit-any
  240:75  error  Unexpected any. Specify a different type  @typescript-eslint/no-explicit-any
  244:25  error  Unexpected any. Specify a different type  @typescript-eslint/no-explicit-any
  244:36  error  Unexpected any. Specify a different type  @typescript-eslint/no-explicit-any
  246:72  error  Unexpected any. Specify a different type  @typescript-eslint/no-explicit-any
  250:82  error  Unexpected any. Specify a different type  @typescript-eslint/no-explicit-any
  251:47  error  Unexpected any. Specify a different type  @typescript-eslint/no-explicit-any

D:\code\witweb\web\src\lib\db.ts
  21:35  error  Unexpected any. Specify a different type  @typescript-eslint/no-explicit-any

D:\code\witweb\web\src\lib\follow.ts
   5:107  error  Unexpected any. Specify a different type  @typescript-eslint/no-explicit-any
   6:108  error  Unexpected any. Specify a different type  @typescript-eslint/no-explicit-any
  47:57   error  Unexpected any. Specify a different type  @typescript-eslint/no-explicit-any
  50:103  error  Unexpected any. Specify a different type  @typescript-eslint/no-explicit-any

D:\code\witweb\web\src\lib\grsai.ts
   3:65  error  Unexpected any. Specify a different type  @typescript-eslint/no-explicit-any
  22:45  error  Unexpected any. Specify a different type  @typescript-eslint/no-explicit-any

D:\code\witweb\web\src\lib\studio.ts
   30:35   error  Unexpected any. Specify a different type  @typescript-eslint/no-explicit-any
   35:70   error  Unexpected any. Specify a different type  @typescript-eslint/no-explicit-any
   51:45   error  Unexpected any. Specify a different type  @typescript-eslint/no-explicit-any
   70:55   error  Unexpected any. Specify a different type  @typescript-eslint/no-explicit-any
   88:52   error  Unexpected any. Specify a different type  @typescript-eslint/no-explicit-any
   91:16   error  Unexpected any. Specify a different type  @typescript-eslint/no-explicit-any
  115:65   error  Unexpected any. Specify a different type  @typescript-eslint/no-explicit-any
  118:44   error  Unexpected any. Specify a different type  @typescript-eslint/no-explicit-any
  119:16   error  Unexpected any. Specify a different type  @typescript-eslint/no-explicit-any
  141:28   error  Unexpected any. Specify a different type  @typescript-eslint/no-explicit-any
  153:95   error  Unexpected any. Specify a different type  @typescript-eslint/no-explicit-any
  162:48   error  Unexpected any. Specify a different type  @typescript-eslint/no-explicit-any
  216:127  error  Unexpected any. Specify a different type  @typescript-eslint/no-explicit-any
  239:46   error  Unexpected any. Specify a different type  @typescript-eslint/no-explicit-any
  256:52   error  Unexpected any. Specify a different type  @typescript-eslint/no-explicit-any
  263:48   error  Unexpected any. Specify a different type  @typescript-eslint/no-explicit-any
  268:52   error  Unexpected any. Specify a different type  @typescript-eslint/no-explicit-any
  275:48   error  Unexpected any. Specify a different type  @typescript-eslint/no-explicit-any
  280:45   error  Unexpected any. Specify a different type  @typescript-eslint/no-explicit-any
  306:35   error  Unexpected any. Specify a different type  @typescript-eslint/no-explicit-any
  307:31   error  Unexpected any. Specify a different type  @typescript-eslint/no-explicit-any

D:\code\witweb\web\src\lib\user.ts
   7:23  error  Unexpected any. Specify a different type  @typescript-eslint/no-explicit-any
  15:18  error  Unexpected any. Specify a different type  @typescript-eslint/no-explicit-any

D:\code\witweb\web\src\lib\video.ts
   5:72  error  Unexpected any. Specify a different type  @typescript-eslint/no-explicit-any
  36:17  error  Unexpected any. Specify a different type  @typescript-eslint/no-explicit-any
  45:54  error  Unexpected any. Specify a different type  @typescript-eslint/no-explicit-any
  70:17  error  Unexpected any. Specify a different type  @typescript-eslint/no-explicit-any
  72:99  error  Unexpected any. Specify a different type  @typescript-eslint/no-explicit-any

鉁?86 problems (86 errors, 0 warnings)

